<?xml version="1.0" encoding="UTF-8"?>
<!-- Generated by org.testng.reporters.JUnitReportReporter -->
<testsuite hostname="COK1LWH0QLJM2" failures="0" tests="1" name="com.MMLIS.qa.testcases.WeqclassTest" time="0.000" errors="0" timestamp="2021-06-17T22:57:02 IST" skipped="1">
  <testcase classname="com.MMLIS.qa.testcases.WeqclassTest" name="checkvalues" time="0.000">
    <skipped/>
  </testcase> <!-- checkvalues -->
  <system-out/>
</testsuite> <!-- com.MMLIS.qa.testcases.WeqclassTest -->
