<?xml version="1.0" encoding="UTF-8"?>
<!-- Generated by org.testng.reporters.JUnitReportReporter -->
<testsuite hostname="COK1LWH0QLJM2" failures="0" tests="1" name="com.MMLIS.qa.testcases.ContactsWeqTest" time="10.972" errors="0" timestamp="2021-06-14T20:36:20 IST" skipped="0">
  <testcase classname="com.MMLIS.qa.testcases.ContactsWeqTest" name="checkweqentrytitleTest" time="10.972"/>
  <system-out/>
</testsuite> <!-- com.MMLIS.qa.testcases.ContactsWeqTest -->
