<?xml version="1.0" encoding="UTF-8"?>
<!-- Generated by org.testng.reporters.JUnitReportReporter -->
<testsuite hostname="COK1LWH0QLJM2" failures="0" tests="2" name="com.MMLIS.qa.testcases.LoginPageTest" time="12.007" errors="0" timestamp="2021-06-13T20:03:32 IST" skipped="0">
  <testcase classname="com.MMLIS.qa.testcases.LoginPageTest" name="checktitleTest" time="4.623"/>
  <system-out/>
  <testcase classname="com.MMLIS.qa.testcases.LoginPageTest" name="loginTest" time="7.384"/>
  <system-out/>
</testsuite> <!-- com.MMLIS.qa.testcases.LoginPageTest -->
